<?xml version="1.0" encoding="UTF-8"?>
<!-- Generated by org.testng.reporters.JUnitReportReporter -->
<testsuite hostname="DESKTOP-FT7N2ON" failures="0" tests="3" name="JavaSeleniumFrameWork.FrameWorkDesign.SubmitOrderTest" time="29.918" errors="0" timestamp="2022-10-29T17:37:09 IST" skipped="0">
  <testcase classname="JavaSeleniumFrameWork.FrameWorkDesign.SubmitOrderTest" name="submitOrder" time="14.308"/>
  <system-out/>
  <testcase classname="JavaSeleniumFrameWork.FrameWorkDesign.SubmitOrderTest" name="submitOrder" time="10.723"/>
  <system-out/>
  <testcase classname="JavaSeleniumFrameWork.FrameWorkDesign.SubmitOrderTest" name="orderconfirmation" time="4.887"/>
  <system-out/>
</testsuite> <!-- JavaSeleniumFrameWork.FrameWorkDesign.SubmitOrderTest -->
