<?xml version="1.0" encoding="UTF-8"?>
<!-- Generated by org.testng.reporters.JUnitReportReporter -->
<testsuite hostname="DESKTOP-FT7N2ON" failures="0" tests="1" name="JavaSeleniumFrameWork.FrameWorkDesign.AppTest" time="0.004" errors="0" timestamp="2022-10-29T17:37:09 IST" skipped="0">
  <testcase classname="JavaSeleniumFrameWork.FrameWorkDesign.AppTest" name="shouldAnswerWithTrue" time="0.004"/>
  <system-out/>
</testsuite> <!-- JavaSeleniumFrameWork.FrameWorkDesign.AppTest -->
