<?xml version="1.0" encoding="UTF-8"?>
<!-- Generated by org.testng.reporters.JUnitReportReporter -->
<testsuite hostname="DESKTOP-FT7N2ON" failures="0" tests="1" name="Cucumber.TestNgTestRunner" time="27.008" errors="0" timestamp="2022-11-03T06:40:08 IST" skipped="0">
  <testcase classname="Cucumber.TestNgTestRunner" name="runScenario" time="27.008"/>
  <system-out/>
</testsuite> <!-- Cucumber.TestNgTestRunner -->
