<?xml version="1.0" encoding="UTF-8"?>
<!-- Generated by org.testng.reporters.JUnitReportReporter -->
<testsuite hostname="DESKTOP-FT7N2ON" failures="0" tests="3" name="JavaSeleniumFrameWork.FrameWorkDesign.SubmitOrderTest" time="27.500" errors="0" timestamp="2022-11-08T16:57:35 IST" skipped="0">
  <testcase classname="JavaSeleniumFrameWork.FrameWorkDesign.SubmitOrderTest" name="orderconfirmation" time="2.671"/>
  <system-out/>
  <testcase classname="JavaSeleniumFrameWork.FrameWorkDesign.SubmitOrderTest" name="submitOrder" time="10.968"/>
  <system-out/>
  <testcase classname="JavaSeleniumFrameWork.FrameWorkDesign.SubmitOrderTest" name="submitOrder" time="13.861"/>
  <system-out/>
</testsuite> <!-- JavaSeleniumFrameWork.FrameWorkDesign.SubmitOrderTest -->
