<?xml version="1.0" encoding="UTF-8"?>
<!-- Generated by org.testng.reporters.JUnitReportReporter -->
<testsuite hostname="DESKTOP-FT7N2ON" failures="0" tests="2" name="JavaSeleniumFrameWork.FrameWorkDesign.ErrorValidation" time="10.760" errors="0" timestamp="2022-11-08T16:57:35 IST" skipped="0">
  <testcase classname="JavaSeleniumFrameWork.FrameWorkDesign.ErrorValidation" name="ProductErrorValidation" time="6.893"/>
  <system-out/>
  <testcase classname="JavaSeleniumFrameWork.FrameWorkDesign.ErrorValidation" name="validateErrorMsg" time="3.867"/>
  <system-out/>
</testsuite> <!-- JavaSeleniumFrameWork.FrameWorkDesign.ErrorValidation -->
