<?xml version="1.0" encoding="UTF-8"?>
<!-- Generated by org.testng.reporters.JUnitReportReporter -->
<testsuite hostname="DESKTOP-FT7N2ON" failures="0" tests="3" name="JavaSeleniumFrameWork.FrameWorkDesign.SubmitOrderTest" time="67.778" errors="0" timestamp="2022-12-08T16:27:02 IST" skipped="0">
  <testcase classname="JavaSeleniumFrameWork.FrameWorkDesign.SubmitOrderTest" name="submitOrder" time="39.638"/>
  <system-out/>
  <testcase classname="JavaSeleniumFrameWork.FrameWorkDesign.SubmitOrderTest" name="submitOrder" time="24.152"/>
  <system-out/>
  <testcase classname="JavaSeleniumFrameWork.FrameWorkDesign.SubmitOrderTest" name="orderconfirmation" time="3.988"/>
  <system-out/>
</testsuite> <!-- JavaSeleniumFrameWork.FrameWorkDesign.SubmitOrderTest -->
