<?xml version="1.0" encoding="UTF-8"?>
<!-- Generated by org.testng.reporters.JUnitReportReporter -->
<testsuite hostname="DESKTOP-FT7N2ON" failures="0" tests="2" name="JavaSeleniumFrameWork.FrameWorkDesign.ErrorValidation" time="25.150" errors="0" timestamp="2022-12-08T16:27:02 IST" skipped="0">
  <testcase classname="JavaSeleniumFrameWork.FrameWorkDesign.ErrorValidation" name="ProductErrorValidation" time="8.277"/>
  <system-out/>
  <testcase classname="JavaSeleniumFrameWork.FrameWorkDesign.ErrorValidation" name="validateErrorMsg" time="16.873"/>
  <system-out/>
</testsuite> <!-- JavaSeleniumFrameWork.FrameWorkDesign.ErrorValidation -->
